<?xml version="1.0" encoding="UTF-8"?>
<!-- Generated by org.testng.reporters.JUnitReportReporter -->
<testsuite hostname="DESKTOP-JBB62IL" failures="0" tests="3" name="test.SwagLabLoginTest" time="90.821" errors="0" timestamp="2024-05-23T11:04:05 IST" skipped="2">
  <testcase classname="test.SwagLabLoginTest" name="googleSuggestions" time="90.821"/>
  <system-out/>
  <testcase classname="test.SwagLabLoginTest" name="loginWithVisualUser">
    <skipped/>
  </testcase> <!-- loginWithVisualUser -->
  <system-out/>
  <testcase classname="test.SwagLabLoginTest" name="loginWithErrorUser">
    <skipped/>
  </testcase> <!-- loginWithErrorUser -->
  <system-out/>
</testsuite> <!-- test.SwagLabLoginTest -->
