<?xml version="1.0" encoding="UTF-8"?>
<!-- Generated by org.testng.reporters.JUnitReportReporter -->
<testsuite hostname="DESKTOP-JBB62IL" failures="0" tests="1" name="test.SwagLabAddToCartTest" time="102.965" errors="0" timestamp="2024-05-22T21:16:51 IST" skipped="0">
  <testcase classname="test.SwagLabAddToCartTest" name="addToCartOfStandardUser" time="102.965"/>
  <system-out/>
</testsuite> <!-- test.SwagLabAddToCartTest -->
